0 info it worked if it ends with ok
1 verbose cli [ '/usr/bin/node', '/usr/bin/npm', 'run-script', 'compile' ]
2 info using npm@1.4.28
3 info using node@v0.10.38
4 verbose node symlink /usr/bin/node
5 verbose run-script [ 'precompile', 'compile', 'postcompile' ]
6 info precompile apps-resource-loader@0.0.1
7 info compile apps-resource-loader@0.0.1
8 verbose unsafe-perm in lifecycle true
9 info apps-resource-loader@0.0.1 Failed to exec compile script
10 error apps-resource-loader@0.0.1 compile: `browserify -d -e lib/RAL.js dist/ral.js`
10 error Exit status 1
11 error Failed at the apps-resource-loader@0.0.1 compile script.
11 error This is most likely a problem with the apps-resource-loader package,
11 error not with npm itself.
11 error Tell the author that this fails on your system:
11 error     browserify -d -e lib/RAL.js dist/ral.js
11 error You can get their info via:
11 error     npm owner ls apps-resource-loader
11 error There is likely additional logging output above.
12 error System Linux 3.18.9-031809-generic
13 error command "/usr/bin/node" "/usr/bin/npm" "run-script" "compile"
14 error cwd /home/pascalopitz/Development/apps-resource-loader
15 error node -v v0.10.38
16 error npm -v 1.4.28
17 error code ELIFECYCLE
18 verbose exit [ 1, true ]
